{"/Users/zane/playground/liquid-labs/sdlc-projects-workflow-local-node-build/src/handlers/projects/workflows/local/node-build/add.mjs": {"path":"/Users/zane/playground/liquid-labs/sdlc-projects-workflow-local-node-build/src/handlers/projects/workflows/local/node-build/add.mjs","statementMap":{"0":{"start":{"line":1,"column":0},"end":{"line":1,"column":null}},"1":{"start":{"line":2,"column":0},"end":{"line":2,"column":null}},"2":{"start":{"line":4,"column":0},"end":{"line":4,"column":null}},"3":{"start":{"line":6,"column":10},"end":{"line":13,"column":1}},"4":{"start":{"line":15,"column":12},"end":{"line":15,"column":20}},"5":{"start":{"line":16,"column":10},"end":{"line":16,"column":68}},"6":{"start":{"line":17,"column":16},"end":{"line":90,"column":null}},"7":{"start":{"line":93,"column":13},"end":{"line":107,"column":1}},"8":{"start":{"line":93,"column":36},"end":{"line":107,"column":1}},"9":{"start":{"line":94,"column":2},"end":{"line":94,"column":null}},"10":{"start":{"line":97,"column":4},"end":{"line":97,"column":68}},"11":{"start":{"line":99,"column":15},"end":{"line":99,"column":95}},"12":{"start":{"line":100,"column":2},"end":{"line":100,"column":null}},"13":{"start":{"line":102,"column":2},"end":{"line":102,"column":null}},"14":{"start":{"line":104,"column":15},"end":{"line":104,"column":55}},"15":{"start":{"line":106,"column":2},"end":{"line":106,"column":null}},"16":{"start":{"line":107,"column":1},"end":{"line":107,"column":null}}},"fnMap":{"0":{"name":"(anonymous_0)","decl":{"start":{"line":93,"column":13},"end":{"line":93,"column":14}},"loc":{"start":{"line":93,"column":36},"end":{"line":107,"column":1}}},"1":{"name":"(anonymous_1)","decl":{"start":{"line":93,"column":36},"end":{"line":93,"column":42}},"loc":{"start":{"line":93,"column":55},"end":{"line":107,"column":1}}}},"branchMap":{},"s":{"0":0,"1":0,"2":0,"3":0,"4":0,"5":0,"6":0,"7":0,"8":0,"9":0,"10":0,"11":0,"12":0,"13":0,"14":0,"15":0,"16":0},"f":{"0":0,"1":0},"b":{}}
,"/Users/zane/playground/liquid-labs/sdlc-projects-workflow-local-node-build/src/handlers/projects/workflows/local/node-build/lib/constants.mjs": {"path":"/Users/zane/playground/liquid-labs/sdlc-projects-workflow-local-node-build/src/handlers/projects/workflows/local/node-build/lib/constants.mjs","statementMap":{"0":{"start":{"line":1,"column":28},"end":{"line":1,"column":66}},"1":{"start":{"line":2,"column":26},"end":{"line":2,"column":62}},"2":{"start":{"line":3,"column":38},"end":{"line":3,"column":86}}},"fnMap":{},"branchMap":{},"s":{"0":1,"1":1,"2":1},"f":{},"b":{}}
,"/Users/zane/playground/liquid-labs/sdlc-projects-workflow-local-node-build/src/handlers/projects/workflows/local/node-build/lib/search-for-index.mjs": {"path":"/Users/zane/playground/liquid-labs/sdlc-projects-workflow-local-node-build/src/handlers/projects/workflows/local/node-build/lib/search-for-index.mjs","statementMap":{"0":{"start":{"line":1,"column":0},"end":{"line":1,"column":null}},"1":{"start":{"line":3,"column":24},"end":{"line":12,"column":1}},"2":{"start":{"line":4,"column":18},"end":{"line":4,"column":71}},"3":{"start":{"line":4,"column":38},"end":{"line":4,"column":70}},"4":{"start":{"line":5,"column":2},"end":{"line":8,"column":null}},"5":{"start":{"line":6,"column":4},"end":{"line":7,"column":null}},"6":{"start":{"line":7,"column":34},"end":{"line":7,"column":38}},"7":{"start":{"line":9,"column":16},"end":{"line":9,"column":26}},"8":{"start":{"line":11,"column":2},"end":{"line":11,"column":null}},"9":{"start":{"line":12,"column":1},"end":{"line":12,"column":null}}},"fnMap":{"0":{"name":"(anonymous_0)","decl":{"start":{"line":3,"column":24},"end":{"line":3,"column":29}},"loc":{"start":{"line":3,"column":34},"end":{"line":12,"column":1}}},"1":{"name":"(anonymous_1)","decl":{"start":{"line":4,"column":32},"end":{"line":4,"column":33}},"loc":{"start":{"line":4,"column":38},"end":{"line":4,"column":70}}},"2":{"name":"(anonymous_2)","decl":{"start":{"line":7,"column":20},"end":{"line":7,"column":21}},"loc":{"start":{"line":7,"column":34},"end":{"line":7,"column":38}}}},"branchMap":{"0":{"loc":{"start":{"line":5,"column":2},"end":{"line":8,"column":null}},"type":"if","locations":[{"start":{"line":5,"column":2},"end":{"line":8,"column":null}}]},"1":{"loc":{"start":{"line":11,"column":9},"end":{"line":11,"column":20}},"type":"cond-expr","locations":[{"start":{"line":11,"column":14},"end":{"line":11,"column":16}},{"start":{"line":11,"column":9},"end":{"line":11,"column":20}}]},"2":{"loc":{"start":{"line":11,"column":9},"end":{"line":11,"column":16}},"type":"binary-expr","locations":[{"start":{"line":11,"column":9},"end":{"line":11,"column":16}},{"start":{"line":11,"column":9},"end":{"line":11,"column":16}}]}},"s":{"0":1,"1":1,"2":1,"3":1,"4":1,"5":0,"6":0,"7":1,"8":1,"9":1},"f":{"0":1,"1":1,"2":0},"b":{"0":[0],"1":[0,1],"2":[1,1]}}
,"/Users/zane/playground/liquid-labs/sdlc-projects-workflow-local-node-build/src/handlers/projects/workflows/local/node-build/lib/setup-builds.mjs": {"path":"/Users/zane/playground/liquid-labs/sdlc-projects-workflow-local-node-build/src/handlers/projects/workflows/local/node-build/lib/setup-builds.mjs","statementMap":{"0":{"start":{"line":3,"column":0},"end":{"line":3,"column":null}},"1":{"start":{"line":4,"column":0},"end":{"line":4,"column":null}},"2":{"start":{"line":6,"column":0},"end":{"line":6,"column":null}},"3":{"start":{"line":8,"column":0},"end":{"line":8,"column":null}},"4":{"start":{"line":10,"column":0},"end":{"line":10,"column":55}},"5":{"start":{"line":10,"column":55},"end":{"line":10,"column":null}},"6":{"start":{"line":12,"column":20},"end":{"line":79,"column":1}},"7":{"start":{"line":15,"column":8},"end":{"line":15,"column":17}},"8":{"start":{"line":16,"column":11},"end":{"line":16,"column":20}},"9":{"start":{"line":18,"column":16},"end":{"line":18,"column":25}},"10":{"start":{"line":20,"column":20},"end":{"line":20,"column":22}},"11":{"start":{"line":22,"column":2},"end":{"line":73,"column":null}},"12":{"start":{"line":23,"column":37},"end":{"line":23,"column":53}},"13":{"start":{"line":24,"column":23},"end":{"line":24,"column":68}},"14":{"start":{"line":25,"column":20},"end":{"line":25,"column":65}},"15":{"start":{"line":27,"column":17},"end":{"line":27,"column":67}},"16":{"start":{"line":28,"column":4},"end":{"line":28,"column":null}},"17":{"start":{"line":31,"column":20},"end":{"line":43,"column":18}},"18":{"start":{"line":44,"column":4},"end":{"line":46,"column":null}},"19":{"start":{"line":45,"column":6},"end":{"line":45,"column":null}},"20":{"start":{"line":47,"column":3},"end":{"line":47,"column":null}},"21":{"start":{"line":48,"column":3},"end":{"line":50,"column":null}},"22":{"start":{"line":49,"column":4},"end":{"line":49,"column":null}},"23":{"start":{"line":51,"column":3},"end":{"line":54,"column":null}},"24":{"start":{"line":56,"column":20},"end":{"line":56,"column":22}},"25":{"start":{"line":57,"column":22},"end":{"line":60,"column":11}},"26":{"start":{"line":61,"column":30},"end":{"line":61,"column":61}},"27":{"start":{"line":62,"column":30},"end":{"line":62,"column":77}},"28":{"start":{"line":64,"column":3},"end":{"line":64,"column":null}},"29":{"start":{"line":66,"column":3},"end":{"line":72,"column":null}},"30":{"start":{"line":75,"column":2},"end":{"line":78,"column":null}},"31":{"start":{"line":81,"column":30},"end":{"line":83,"column":1}},"32":{"start":{"line":82,"column":2},"end":{"line":82,"column":null}},"33":{"start":{"line":83,"column":1},"end":{"line":83,"column":null}},"34":{"start":{"line":85,"column":27},"end":{"line":87,"column":1}},"35":{"start":{"line":86,"column":2},"end":{"line":86,"column":null}},"36":{"start":{"line":87,"column":1},"end":{"line":87,"column":null}}},"fnMap":{"0":{"name":"_getRequireWildcardCache","decl":{"start":{"line":10,"column":55},"end":{"line":10,"column":null}},"loc":{"start":{"line":10,"column":55},"end":{"line":10,"column":null}}},"1":{"name":"(anonymous_3)","decl":{"start":{"line":12,"column":20},"end":{"line":12,"column":26}},"loc":{"start":{"line":19,"column":6},"end":{"line":79,"column":1}}},"2":{"name":"(anonymous_4)","decl":{"start":{"line":15,"column":8},"end":{"line":15,"column":17}},"loc":{"start":{"line":15,"column":8},"end":{"line":15,"column":17}}},"3":{"name":"(anonymous_5)","decl":{"start":{"line":16,"column":11},"end":{"line":16,"column":20}},"loc":{"start":{"line":16,"column":11},"end":{"line":16,"column":20}}},"4":{"name":"(anonymous_6)","decl":{"start":{"line":18,"column":16},"end":{"line":18,"column":25}},"loc":{"start":{"line":18,"column":16},"end":{"line":18,"column":25}}},"5":{"name":"(anonymous_7)","decl":{"start":{"line":81,"column":30},"end":{"line":81,"column":31}},"loc":{"start":{"line":81,"column":100},"end":{"line":83,"column":1}}},"6":{"name":"(anonymous_8)","decl":{"start":{"line":85,"column":27},"end":{"line":85,"column":28}},"loc":{"start":{"line":85,"column":90},"end":{"line":87,"column":1}}}},"branchMap":{"0":{"loc":{"start":{"line":10,"column":55},"end":{"line":10,"column":null}},"type":"if","locations":[{"start":{"line":10,"column":55},"end":{"line":10,"column":null}}]},"1":{"loc":{"start":{"line":10,"column":55},"end":{"line":10,"column":null}},"type":"cond-expr","locations":[{"start":{"line":10,"column":55},"end":{"line":10,"column":null}},{"start":{"line":10,"column":55},"end":{"line":10,"column":null}}]},"2":{"loc":{"start":{"line":10,"column":55},"end":{"line":10,"column":null}},"type":"binary-expr","locations":[{"start":{"line":10,"column":55},"end":{"line":10,"column":null}},{"start":{"line":10,"column":55},"end":{"line":10,"column":null}},{"start":{"line":10,"column":55},"end":{"line":10,"column":null}}]},"3":{"loc":{"start":{"line":14,"column":2},"end":{"line":14,"column":24}},"type":"default-arg","locations":[{"start":{"line":14,"column":19},"end":{"line":14,"column":24}}]},"4":{"loc":{"start":{"line":15,"column":2},"end":{"line":15,"column":null}},"type":"default-arg","locations":[{"start":{"line":15,"column":8},"end":{"line":15,"column":null}}]},"5":{"loc":{"start":{"line":16,"column":2},"end":{"line":16,"column":null}},"type":"default-arg","locations":[{"start":{"line":16,"column":11},"end":{"line":16,"column":null}}]},"6":{"loc":{"start":{"line":18,"column":2},"end":{"line":18,"column":null}},"type":"default-arg","locations":[{"start":{"line":18,"column":16},"end":{"line":18,"column":null}}]},"7":{"loc":{"start":{"line":27,"column":17},"end":{"line":27,"column":67}},"type":"cond-expr","locations":[{"start":{"line":27,"column":43},"end":{"line":27,"column":55}},{"start":{"line":27,"column":58},"end":{"line":27,"column":67}}]},"8":{"loc":{"start":{"line":44,"column":4},"end":{"line":46,"column":null}},"type":"if","locations":[{"start":{"line":44,"column":4},"end":{"line":46,"column":null}}]},"9":{"loc":{"start":{"line":48,"column":3},"end":{"line":50,"column":null}},"type":"if","locations":[{"start":{"line":48,"column":3},"end":{"line":50,"column":null}}]}},"s":{"0":1,"1":1,"2":1,"3":1,"4":1,"5":169,"6":1,"7":0,"8":0,"9":0,"10":2,"11":2,"12":1,"13":1,"14":1,"15":1,"16":1,"17":1,"18":1,"19":0,"20":1,"21":1,"22":0,"23":1,"24":1,"25":1,"26":1,"27":1,"28":1,"29":1,"30":2,"31":1,"32":1,"33":1,"34":1,"35":1,"36":1},"f":{"0":5,"1":2,"2":0,"3":0,"4":0,"5":1,"6":1},"b":{"0":[49],"1":[104,106],"2":[53,53,51],"3":[0],"4":[0],"5":[0],"6":[0],"7":[0,1],"8":[0],"9":[0]}}
,"/Users/zane/playground/liquid-labs/sdlc-projects-workflow-local-node-build/src/handlers/projects/workflows/local/node-build/lib/setup-data-files.mjs": {"path":"/Users/zane/playground/liquid-labs/sdlc-projects-workflow-local-node-build/src/handlers/projects/workflows/local/node-build/lib/setup-data-files.mjs","statementMap":{"0":{"start":{"line":1,"column":0},"end":{"line":1,"column":null}},"1":{"start":{"line":2,"column":0},"end":{"line":2,"column":null}},"2":{"start":{"line":4,"column":0},"end":{"line":4,"column":75}},"3":{"start":{"line":4,"column":75},"end":{"line":4,"column":null}},"4":{"start":{"line":6,"column":23},"end":{"line":37,"column":1}},"5":{"start":{"line":7,"column":8},"end":{"line":7,"column":17}},"6":{"start":{"line":8,"column":11},"end":{"line":8,"column":20}},"7":{"start":{"line":9,"column":16},"end":{"line":9,"column":25}},"8":{"start":{"line":11,"column":20},"end":{"line":18,"column":1}},"9":{"start":{"line":20,"column":19},"end":{"line":20,"column":21}},"10":{"start":{"line":21,"column":24},"end":{"line":21,"column":73}},"11":{"start":{"line":22,"column":24},"end":{"line":22,"column":66}},"12":{"start":{"line":24,"column":2},"end":{"line":24,"column":null}},"13":{"start":{"line":26,"column":2},"end":{"line":36,"column":null}},"14":{"start":{"line":37,"column":1},"end":{"line":37,"column":null}}},"fnMap":{"0":{"name":"_getRequireWildcardCache","decl":{"start":{"line":4,"column":75},"end":{"line":4,"column":null}},"loc":{"start":{"line":4,"column":75},"end":{"line":4,"column":null}}},"1":{"name":"(anonymous_3)","decl":{"start":{"line":6,"column":23},"end":{"line":6,"column":29}},"loc":{"start":{"line":10,"column":6},"end":{"line":37,"column":1}}},"2":{"name":"(anonymous_4)","decl":{"start":{"line":7,"column":8},"end":{"line":7,"column":17}},"loc":{"start":{"line":7,"column":8},"end":{"line":7,"column":17}}},"3":{"name":"(anonymous_5)","decl":{"start":{"line":8,"column":11},"end":{"line":8,"column":20}},"loc":{"start":{"line":8,"column":11},"end":{"line":8,"column":20}}},"4":{"name":"(anonymous_6)","decl":{"start":{"line":9,"column":16},"end":{"line":9,"column":25}},"loc":{"start":{"line":9,"column":16},"end":{"line":9,"column":25}}}},"branchMap":{"0":{"loc":{"start":{"line":4,"column":75},"end":{"line":4,"column":null}},"type":"if","locations":[{"start":{"line":4,"column":75},"end":{"line":4,"column":null}}]},"1":{"loc":{"start":{"line":4,"column":75},"end":{"line":4,"column":null}},"type":"cond-expr","locations":[{"start":{"line":4,"column":75},"end":{"line":4,"column":null}},{"start":{"line":4,"column":75},"end":{"line":4,"column":null}}]},"2":{"loc":{"start":{"line":4,"column":75},"end":{"line":4,"column":null}},"type":"binary-expr","locations":[{"start":{"line":4,"column":75},"end":{"line":4,"column":null}},{"start":{"line":4,"column":75},"end":{"line":4,"column":null}},{"start":{"line":4,"column":75},"end":{"line":4,"column":null}}]},"3":{"loc":{"start":{"line":7,"column":2},"end":{"line":7,"column":null}},"type":"default-arg","locations":[{"start":{"line":7,"column":8},"end":{"line":7,"column":null}}]},"4":{"loc":{"start":{"line":8,"column":2},"end":{"line":8,"column":null}},"type":"default-arg","locations":[{"start":{"line":8,"column":11},"end":{"line":8,"column":null}}]},"5":{"loc":{"start":{"line":9,"column":2},"end":{"line":9,"column":null}},"type":"default-arg","locations":[{"start":{"line":9,"column":16},"end":{"line":9,"column":null}}]}},"s":{"0":1,"1":1,"2":1,"3":169,"4":1,"5":0,"6":0,"7":0,"8":1,"9":1,"10":1,"11":1,"12":1,"13":1,"14":1},"f":{"0":5,"1":1,"2":0,"3":0,"4":0},"b":{"0":[49],"1":[104,106],"2":[53,53,51],"3":[0],"4":[0],"5":[0]}}
,"/Users/zane/playground/liquid-labs/sdlc-projects-workflow-local-node-build/src/handlers/projects/workflows/local/node-build/lib/setup-js-files.mjs": {"path":"/Users/zane/playground/liquid-labs/sdlc-projects-workflow-local-node-build/src/handlers/projects/workflows/local/node-build/lib/setup-js-files.mjs","statementMap":{"0":{"start":{"line":1,"column":0},"end":{"line":1,"column":null}},"1":{"start":{"line":2,"column":0},"end":{"line":2,"column":null}},"2":{"start":{"line":4,"column":0},"end":{"line":4,"column":75}},"3":{"start":{"line":4,"column":75},"end":{"line":4,"column":null}},"4":{"start":{"line":6,"column":21},"end":{"line":39,"column":1}},"5":{"start":{"line":7,"column":8},"end":{"line":7,"column":17}},"6":{"start":{"line":8,"column":11},"end":{"line":8,"column":20}},"7":{"start":{"line":9,"column":16},"end":{"line":9,"column":25}},"8":{"start":{"line":11,"column":20},"end":{"line":20,"column":1}},"9":{"start":{"line":22,"column":19},"end":{"line":22,"column":21}},"10":{"start":{"line":23,"column":24},"end":{"line":23,"column":75}},"11":{"start":{"line":24,"column":24},"end":{"line":24,"column":66}},"12":{"start":{"line":26,"column":2},"end":{"line":26,"column":null}},"13":{"start":{"line":28,"column":2},"end":{"line":38,"column":null}},"14":{"start":{"line":39,"column":1},"end":{"line":39,"column":null}}},"fnMap":{"0":{"name":"_getRequireWildcardCache","decl":{"start":{"line":4,"column":75},"end":{"line":4,"column":null}},"loc":{"start":{"line":4,"column":75},"end":{"line":4,"column":null}}},"1":{"name":"(anonymous_3)","decl":{"start":{"line":6,"column":21},"end":{"line":6,"column":27}},"loc":{"start":{"line":10,"column":6},"end":{"line":39,"column":1}}},"2":{"name":"(anonymous_4)","decl":{"start":{"line":7,"column":8},"end":{"line":7,"column":17}},"loc":{"start":{"line":7,"column":8},"end":{"line":7,"column":17}}},"3":{"name":"(anonymous_5)","decl":{"start":{"line":8,"column":11},"end":{"line":8,"column":20}},"loc":{"start":{"line":8,"column":11},"end":{"line":8,"column":20}}},"4":{"name":"(anonymous_6)","decl":{"start":{"line":9,"column":16},"end":{"line":9,"column":25}},"loc":{"start":{"line":9,"column":16},"end":{"line":9,"column":25}}}},"branchMap":{"0":{"loc":{"start":{"line":4,"column":75},"end":{"line":4,"column":null}},"type":"if","locations":[{"start":{"line":4,"column":75},"end":{"line":4,"column":null}}]},"1":{"loc":{"start":{"line":4,"column":75},"end":{"line":4,"column":null}},"type":"cond-expr","locations":[{"start":{"line":4,"column":75},"end":{"line":4,"column":null}},{"start":{"line":4,"column":75},"end":{"line":4,"column":null}}]},"2":{"loc":{"start":{"line":4,"column":75},"end":{"line":4,"column":null}},"type":"binary-expr","locations":[{"start":{"line":4,"column":75},"end":{"line":4,"column":null}},{"start":{"line":4,"column":75},"end":{"line":4,"column":null}},{"start":{"line":4,"column":75},"end":{"line":4,"column":null}}]},"3":{"loc":{"start":{"line":7,"column":2},"end":{"line":7,"column":null}},"type":"default-arg","locations":[{"start":{"line":7,"column":8},"end":{"line":7,"column":null}}]},"4":{"loc":{"start":{"line":8,"column":2},"end":{"line":8,"column":null}},"type":"default-arg","locations":[{"start":{"line":8,"column":11},"end":{"line":8,"column":null}}]},"5":{"loc":{"start":{"line":9,"column":2},"end":{"line":9,"column":null}},"type":"default-arg","locations":[{"start":{"line":9,"column":16},"end":{"line":9,"column":null}}]}},"s":{"0":1,"1":1,"2":1,"3":169,"4":1,"5":0,"6":0,"7":0,"8":1,"9":1,"10":1,"11":1,"12":1,"13":1,"14":1},"f":{"0":5,"1":1,"2":0,"3":0,"4":0},"b":{"0":[49],"1":[104,106],"2":[53,53,51],"3":[0],"4":[0],"5":[0]}}
,"/Users/zane/playground/liquid-labs/sdlc-projects-workflow-local-node-build/src/handlers/projects/workflows/local/node-build/lib/setup-lint.mjs": {"path":"/Users/zane/playground/liquid-labs/sdlc-projects-workflow-local-node-build/src/handlers/projects/workflows/local/node-build/lib/setup-lint.mjs","statementMap":{"0":{"start":{"line":2,"column":0},"end":{"line":2,"column":null}},"1":{"start":{"line":3,"column":0},"end":{"line":3,"column":null}},"2":{"start":{"line":5,"column":0},"end":{"line":5,"column":null}},"3":{"start":{"line":7,"column":0},"end":{"line":7,"column":45}},"4":{"start":{"line":7,"column":45},"end":{"line":7,"column":null}},"5":{"start":{"line":9,"column":18},"end":{"line":79,"column":1}},"6":{"start":{"line":10,"column":8},"end":{"line":10,"column":17}},"7":{"start":{"line":11,"column":11},"end":{"line":11,"column":20}},"8":{"start":{"line":14,"column":16},"end":{"line":14,"column":25}},"9":{"start":{"line":16,"column":18},"end":{"line":27,"column":54}},"10":{"start":{"line":28,"column":2},"end":{"line":30,"column":null}},"11":{"start":{"line":29,"column":4},"end":{"line":29,"column":null}},"12":{"start":{"line":31,"column":2},"end":{"line":33,"column":null}},"13":{"start":{"line":32,"column":4},"end":{"line":32,"column":null}},"14":{"start":{"line":34,"column":2},"end":{"line":59,"column":null}},"15":{"start":{"line":61,"column":19},"end":{"line":61,"column":21}},"16":{"start":{"line":62,"column":22},"end":{"line":62,"column":64}},"17":{"start":{"line":63,"column":22},"end":{"line":63,"column":62}},"18":{"start":{"line":65,"column":2},"end":{"line":65,"column":null}},"19":{"start":{"line":67,"column":2},"end":{"line":78,"column":null}},"20":{"start":{"line":79,"column":1},"end":{"line":79,"column":null}}},"fnMap":{"0":{"name":"_getRequireWildcardCache","decl":{"start":{"line":7,"column":45},"end":{"line":7,"column":null}},"loc":{"start":{"line":7,"column":45},"end":{"line":7,"column":null}}},"1":{"name":"(anonymous_3)","decl":{"start":{"line":9,"column":18},"end":{"line":9,"column":24}},"loc":{"start":{"line":15,"column":6},"end":{"line":79,"column":1}}},"2":{"name":"(anonymous_4)","decl":{"start":{"line":10,"column":8},"end":{"line":10,"column":17}},"loc":{"start":{"line":10,"column":8},"end":{"line":10,"column":17}}},"3":{"name":"(anonymous_5)","decl":{"start":{"line":11,"column":11},"end":{"line":11,"column":20}},"loc":{"start":{"line":11,"column":11},"end":{"line":11,"column":20}}},"4":{"name":"(anonymous_6)","decl":{"start":{"line":14,"column":16},"end":{"line":14,"column":25}},"loc":{"start":{"line":14,"column":16},"end":{"line":14,"column":25}}}},"branchMap":{"0":{"loc":{"start":{"line":7,"column":45},"end":{"line":7,"column":null}},"type":"if","locations":[{"start":{"line":7,"column":45},"end":{"line":7,"column":null}}]},"1":{"loc":{"start":{"line":7,"column":45},"end":{"line":7,"column":null}},"type":"cond-expr","locations":[{"start":{"line":7,"column":45},"end":{"line":7,"column":null}},{"start":{"line":7,"column":45},"end":{"line":7,"column":null}}]},"2":{"loc":{"start":{"line":7,"column":45},"end":{"line":7,"column":null}},"type":"binary-expr","locations":[{"start":{"line":7,"column":45},"end":{"line":7,"column":null}},{"start":{"line":7,"column":45},"end":{"line":7,"column":null}},{"start":{"line":7,"column":45},"end":{"line":7,"column":null}}]},"3":{"loc":{"start":{"line":10,"column":2},"end":{"line":10,"column":null}},"type":"default-arg","locations":[{"start":{"line":10,"column":8},"end":{"line":10,"column":null}}]},"4":{"loc":{"start":{"line":11,"column":2},"end":{"line":11,"column":null}},"type":"default-arg","locations":[{"start":{"line":11,"column":11},"end":{"line":11,"column":null}}]},"5":{"loc":{"start":{"line":14,"column":2},"end":{"line":14,"column":null}},"type":"default-arg","locations":[{"start":{"line":14,"column":16},"end":{"line":14,"column":null}}]},"6":{"loc":{"start":{"line":28,"column":2},"end":{"line":30,"column":null}},"type":"if","locations":[{"start":{"line":28,"column":2},"end":{"line":30,"column":null}}]},"7":{"loc":{"start":{"line":31,"column":2},"end":{"line":33,"column":null}},"type":"if","locations":[{"start":{"line":31,"column":2},"end":{"line":33,"column":null}}]}},"s":{"0":1,"1":1,"2":1,"3":1,"4":169,"5":1,"6":0,"7":0,"8":0,"9":1,"10":1,"11":1,"12":1,"13":0,"14":1,"15":1,"16":1,"17":1,"18":1,"19":1,"20":1},"f":{"0":5,"1":1,"2":0,"3":0,"4":0},"b":{"0":[49],"1":[104,106],"2":[53,53,51],"3":[0],"4":[0],"5":[0],"6":[1],"7":[0]}}
,"/Users/zane/playground/liquid-labs/sdlc-projects-workflow-local-node-build/src/handlers/projects/workflows/local/node-build/lib/setup-project.mjs": {"path":"/Users/zane/playground/liquid-labs/sdlc-projects-workflow-local-node-build/src/handlers/projects/workflows/local/node-build/lib/setup-project.mjs","statementMap":{"0":{"start":{"line":1,"column":0},"end":{"line":1,"column":null}},"1":{"start":{"line":2,"column":0},"end":{"line":2,"column":null}},"2":{"start":{"line":3,"column":0},"end":{"line":3,"column":null}},"3":{"start":{"line":5,"column":0},"end":{"line":5,"column":null}},"4":{"start":{"line":7,"column":0},"end":{"line":7,"column":null}},"5":{"start":{"line":8,"column":0},"end":{"line":8,"column":null}},"6":{"start":{"line":10,"column":0},"end":{"line":10,"column":null}},"7":{"start":{"line":11,"column":0},"end":{"line":11,"column":null}},"8":{"start":{"line":12,"column":0},"end":{"line":12,"column":null}},"9":{"start":{"line":13,"column":0},"end":{"line":13,"column":null}},"10":{"start":{"line":14,"column":0},"end":{"line":14,"column":null}},"11":{"start":{"line":15,"column":0},"end":{"line":15,"column":null}},"12":{"start":{"line":16,"column":0},"end":{"line":16,"column":40}},"13":{"start":{"line":16,"column":40},"end":{"line":16,"column":null}},"14":{"start":{"line":18,"column":21},"end":{"line":168,"column":1}},"15":{"start":{"line":37,"column":6},"end":{"line":37,"column":13}},"16":{"start":{"line":24,"column":10},"end":{"line":24,"column":19}},"17":{"start":{"line":25,"column":13},"end":{"line":25,"column":22}},"18":{"start":{"line":36,"column":18},"end":{"line":36,"column":27}},"19":{"start":{"line":39,"column":18},"end":{"line":39,"column":61}},"20":{"start":{"line":40,"column":2},"end":{"line":42,"column":null}},"21":{"start":{"line":41,"column":4},"end":{"line":41,"column":null}},"22":{"start":{"line":44,"column":20},"end":{"line":44,"column":56}},"23":{"start":{"line":45,"column":2},"end":{"line":47,"column":null}},"24":{"start":{"line":46,"column":4},"end":{"line":46,"column":null}},"25":{"start":{"line":49,"column":2},"end":{"line":101,"column":null}},"26":{"start":{"line":52,"column":4},"end":{"line":63,"column":null}},"27":{"start":{"line":53,"column":22},"end":{"line":53,"column":58}},"28":{"start":{"line":54,"column":6},"end":{"line":54,"column":null}},"29":{"start":{"line":57,"column":6},"end":{"line":62,"column":null}},"30":{"start":{"line":58,"column":8},"end":{"line":58,"column":null}},"31":{"start":{"line":61,"column":8},"end":{"line":61,"column":null}},"32":{"start":{"line":64,"column":4},"end":{"line":66,"column":null}},"33":{"start":{"line":65,"column":6},"end":{"line":65,"column":null}},"34":{"start":{"line":68,"column":22},"end":{"line":68,"column":75}},"35":{"start":{"line":69,"column":22},"end":{"line":69,"column":47}},"36":{"start":{"line":70,"column":4},"end":{"line":100,"column":null}},"37":{"start":{"line":71,"column":6},"end":{"line":71,"column":null}},"38":{"start":{"line":72,"column":6},"end":{"line":72,"column":null}},"39":{"start":{"line":75,"column":6},"end":{"line":83,"column":null}},"40":{"start":{"line":75,"column":32},"end":{"line":75,"column":76}},"41":{"start":{"line":76,"column":24},"end":{"line":76,"column":53}},"42":{"start":{"line":77,"column":25},"end":{"line":77,"column":76}},"43":{"start":{"line":78,"column":25},"end":{"line":78,"column":49}},"44":{"start":{"line":79,"column":8},"end":{"line":82,"column":null}},"45":{"start":{"line":80,"column":10},"end":{"line":80,"column":null}},"46":{"start":{"line":81,"column":10},"end":{"line":81,"column":null}},"47":{"start":{"line":84,"column":24},"end":{"line":85,"column":100}},"48":{"start":{"line":84,"column":48},"end":{"line":85,"column":99}},"49":{"start":{"line":86,"column":6},"end":{"line":88,"column":null}},"50":{"start":{"line":87,"column":8},"end":{"line":87,"column":null}},"51":{"start":{"line":89,"column":20},"end":{"line":89,"column":41}},"52":{"start":{"line":90,"column":6},"end":{"line":99,"column":null}},"53":{"start":{"line":91,"column":27},"end":{"line":91,"column":73}},"54":{"start":{"line":92,"column":26},"end":{"line":92,"column":80}},"55":{"start":{"line":93,"column":26},"end":{"line":93,"column":51}},"56":{"start":{"line":94,"column":8},"end":{"line":98,"column":null}},"57":{"start":{"line":95,"column":10},"end":{"line":95,"column":null}},"58":{"start":{"line":96,"column":27},"end":{"line":96,"column":82}},"59":{"start":{"line":97,"column":10},"end":{"line":97,"column":null}},"60":{"start":{"line":103,"column":2},"end":{"line":105,"column":null}},"61":{"start":{"line":104,"column":4},"end":{"line":104,"column":null}},"62":{"start":{"line":107,"column":2},"end":{"line":107,"column":null}},"63":{"start":{"line":109,"column":18},"end":{"line":109,"column":53}},"64":{"start":{"line":110,"column":2},"end":{"line":110,"column":null}},"65":{"start":{"line":112,"column":25},"end":{"line":129,"column":null}},"66":{"start":{"line":132,"column":2},"end":{"line":135,"column":null}},"67":{"start":{"line":133,"column":4},"end":{"line":133,"column":null}},"68":{"start":{"line":134,"column":4},"end":{"line":134,"column":null}},"69":{"start":{"line":137,"column":2},"end":{"line":139,"column":null}},"70":{"start":{"line":138,"column":4},"end":{"line":138,"column":null}},"71":{"start":{"line":141,"column":2},"end":{"line":143,"column":null}},"72":{"start":{"line":142,"column":4},"end":{"line":142,"column":null}},"73":{"start":{"line":145,"column":18},"end":{"line":145,"column":51}},"74":{"start":{"line":147,"column":19},"end":{"line":147,"column":21}},"75":{"start":{"line":148,"column":26},"end":{"line":148,"column":28}},"76":{"start":{"line":149,"column":2},"end":{"line":155,"column":null}},"77":{"start":{"line":150,"column":50},"end":{"line":150,"column":56}},"78":{"start":{"line":151,"column":4},"end":{"line":151,"column":null}},"79":{"start":{"line":152,"column":4},"end":{"line":154,"column":null}},"80":{"start":{"line":153,"column":6},"end":{"line":153,"column":null}},"81":{"start":{"line":156,"column":23},"end":{"line":156,"column":58}},"82":{"start":{"line":158,"column":2},"end":{"line":163,"column":null}},"83":{"start":{"line":160,"column":6},"end":{"line":162,"column":null}},"84":{"start":{"line":160,"column":35},"end":{"line":160,"column":null}},"85":{"start":{"line":161,"column":11},"end":{"line":162,"column":null}},"86":{"start":{"line":161,"column":40},"end":{"line":161,"column":null}},"87":{"start":{"line":162,"column":11},"end":{"line":162,"column":null}},"88":{"start":{"line":165,"column":15},"end":{"line":165,"column":55}},"89":{"start":{"line":167,"column":2},"end":{"line":167,"column":null}},"90":{"start":{"line":168,"column":1},"end":{"line":168,"column":null}}},"fnMap":{"0":{"name":"_getRequireWildcardCache","decl":{"start":{"line":16,"column":40},"end":{"line":16,"column":null}},"loc":{"start":{"line":16,"column":40},"end":{"line":16,"column":null}}},"1":{"name":"(anonymous_3)","decl":{"start":{"line":18,"column":21},"end":{"line":18,"column":27}},"loc":{"start":{"line":18,"column":39},"end":{"line":168,"column":1}}},"2":{"name":"(anonymous_4)","decl":{"start":{"line":24,"column":10},"end":{"line":24,"column":19}},"loc":{"start":{"line":24,"column":10},"end":{"line":24,"column":19}}},"3":{"name":"(anonymous_5)","decl":{"start":{"line":25,"column":13},"end":{"line":25,"column":22}},"loc":{"start":{"line":25,"column":13},"end":{"line":25,"column":22}}},"4":{"name":"(anonymous_6)","decl":{"start":{"line":36,"column":18},"end":{"line":36,"column":27}},"loc":{"start":{"line":36,"column":18},"end":{"line":36,"column":27}}},"5":{"name":"(anonymous_7)","decl":{"start":{"line":75,"column":26},"end":{"line":75,"column":27}},"loc":{"start":{"line":75,"column":32},"end":{"line":75,"column":76}}},"6":{"name":"(anonymous_8)","decl":{"start":{"line":84,"column":42},"end":{"line":84,"column":43}},"loc":{"start":{"line":84,"column":48},"end":{"line":85,"column":99}}},"7":{"name":"(anonymous_9)","decl":{"start":{"line":159,"column":10},"end":{"line":159,"column":11}},"loc":{"start":{"line":159,"column":20},"end":{"line":163,"column":5}}}},"branchMap":{"0":{"loc":{"start":{"line":16,"column":40},"end":{"line":16,"column":null}},"type":"if","locations":[{"start":{"line":16,"column":40},"end":{"line":16,"column":null}}]},"1":{"loc":{"start":{"line":16,"column":40},"end":{"line":16,"column":null}},"type":"cond-expr","locations":[{"start":{"line":16,"column":40},"end":{"line":16,"column":null}},{"start":{"line":16,"column":40},"end":{"line":16,"column":null}}]},"2":{"loc":{"start":{"line":16,"column":40},"end":{"line":16,"column":null}},"type":"binary-expr","locations":[{"start":{"line":16,"column":40},"end":{"line":16,"column":null}},{"start":{"line":16,"column":40},"end":{"line":16,"column":null}},{"start":{"line":16,"column":40},"end":{"line":16,"column":null}}]},"3":{"loc":{"start":{"line":20,"column":4},"end":{"line":20,"column":21}},"type":"default-arg","locations":[{"start":{"line":20,"column":15},"end":{"line":20,"column":21}}]},"4":{"loc":{"start":{"line":22,"column":4},"end":{"line":22,"column":24}},"type":"default-arg","locations":[{"start":{"line":22,"column":19},"end":{"line":22,"column":24}}]},"5":{"loc":{"start":{"line":23,"column":4},"end":{"line":23,"column":22}},"type":"default-arg","locations":[{"start":{"line":23,"column":17},"end":{"line":23,"column":22}}]},"6":{"loc":{"start":{"line":24,"column":4},"end":{"line":24,"column":null}},"type":"default-arg","locations":[{"start":{"line":24,"column":10},"end":{"line":24,"column":null}}]},"7":{"loc":{"start":{"line":25,"column":4},"end":{"line":25,"column":null}},"type":"default-arg","locations":[{"start":{"line":25,"column":13},"end":{"line":25,"column":null}}]},"8":{"loc":{"start":{"line":31,"column":4},"end":{"line":31,"column":19}},"type":"default-arg","locations":[{"start":{"line":31,"column":14},"end":{"line":31,"column":19}}]},"9":{"loc":{"start":{"line":32,"column":4},"end":{"line":32,"column":36}},"type":"default-arg","locations":[{"start":{"line":32,"column":22},"end":{"line":32,"column":36}}]},"10":{"loc":{"start":{"line":33,"column":4},"end":{"line":33,"column":17}},"type":"default-arg","locations":[{"start":{"line":33,"column":13},"end":{"line":33,"column":17}}]},"11":{"loc":{"start":{"line":34,"column":4},"end":{"line":34,"column":24}},"type":"default-arg","locations":[{"start":{"line":34,"column":22},"end":{"line":34,"column":24}}]},"12":{"loc":{"start":{"line":35,"column":4},"end":{"line":35,"column":17}},"type":"default-arg","locations":[{"start":{"line":35,"column":15},"end":{"line":35,"column":17}}]},"13":{"loc":{"start":{"line":36,"column":4},"end":{"line":36,"column":null}},"type":"default-arg","locations":[{"start":{"line":36,"column":18},"end":{"line":36,"column":null}}]},"14":{"loc":{"start":{"line":40,"column":2},"end":{"line":42,"column":null}},"type":"if","locations":[{"start":{"line":40,"column":2},"end":{"line":42,"column":null}}]},"15":{"loc":{"start":{"line":45,"column":2},"end":{"line":47,"column":null}},"type":"if","locations":[{"start":{"line":45,"column":2},"end":{"line":47,"column":null}}]},"16":{"loc":{"start":{"line":49,"column":2},"end":{"line":101,"column":null}},"type":"if","locations":[{"start":{"line":49,"column":2},"end":{"line":101,"column":null}}]},"17":{"loc":{"start":{"line":49,"column":6},"end":{"line":49,"column":59}},"type":"binary-expr","locations":[{"start":{"line":49,"column":6},"end":{"line":49,"column":34}},{"start":{"line":49,"column":38},"end":{"line":49,"column":59}}]},"18":{"loc":{"start":{"line":57,"column":6},"end":{"line":62,"column":null}},"type":"if","locations":[{"start":{"line":57,"column":6},"end":{"line":62,"column":null}},{"start":{"line":60,"column":11},"end":{"line":62,"column":null}}]},"19":{"loc":{"start":{"line":64,"column":4},"end":{"line":66,"column":null}},"type":"if","locations":[{"start":{"line":64,"column":4},"end":{"line":66,"column":null}}]},"20":{"loc":{"start":{"line":70,"column":4},"end":{"line":100,"column":null}},"type":"if","locations":[{"start":{"line":70,"column":4},"end":{"line":100,"column":null}},{"start":{"line":74,"column":9},"end":{"line":100,"column":null}}]},"21":{"loc":{"start":{"line":71,"column":59},"end":{"line":71,"column":108}},"type":"cond-expr","locations":[{"start":{"line":71,"column":83},"end":{"line":71,"column":95}},{"start":{"line":71,"column":98},"end":{"line":71,"column":108}}]},"22":{"loc":{"start":{"line":72,"column":7},"end":{"line":72,"column":57}},"type":"cond-expr","locations":[{"start":{"line":72,"column":31},"end":{"line":72,"column":46}},{"start":{"line":72,"column":49},"end":{"line":72,"column":57}}]},"23":{"loc":{"start":{"line":75,"column":6},"end":{"line":83,"column":null}},"type":"if","locations":[{"start":{"line":75,"column":6},"end":{"line":83,"column":null}}]},"24":{"loc":{"start":{"line":75,"column":32},"end":{"line":75,"column":76}},"type":"binary-expr","locations":[{"start":{"line":75,"column":32},"end":{"line":75,"column":48}},{"start":{"line":75,"column":52},"end":{"line":75,"column":76}}]},"25":{"loc":{"start":{"line":79,"column":8},"end":{"line":82,"column":null}},"type":"if","locations":[{"start":{"line":79,"column":8},"end":{"line":82,"column":null}}]},"26":{"loc":{"start":{"line":84,"column":48},"end":{"line":85,"column":99}},"type":"binary-expr","locations":[{"start":{"line":84,"column":48},"end":{"line":84,"column":63}},{"start":{"line":85,"column":14},"end":{"line":85,"column":30}},{"start":{"line":85,"column":34},"end":{"line":85,"column":50}},{"start":{"line":85,"column":54},"end":{"line":85,"column":71}},{"start":{"line":85,"column":75},"end":{"line":85,"column":98}}]},"27":{"loc":{"start":{"line":86,"column":6},"end":{"line":88,"column":null}},"type":"if","locations":[{"start":{"line":86,"column":6},"end":{"line":88,"column":null}}]},"28":{"loc":{"start":{"line":89,"column":20},"end":{"line":89,"column":41}},"type":"cond-expr","locations":[{"start":{"line":89,"column":35},"end":{"line":89,"column":37}},{"start":{"line":89,"column":23},"end":{"line":89,"column":41}}]},"29":{"loc":{"start":{"line":89,"column":20},"end":{"line":89,"column":37}},"type":"binary-expr","locations":[{"start":{"line":89,"column":20},"end":{"line":89,"column":37}},{"start":{"line":89,"column":35},"end":{"line":89,"column":37}}]},"30":{"loc":{"start":{"line":90,"column":6},"end":{"line":99,"column":null}},"type":"if","locations":[{"start":{"line":90,"column":6},"end":{"line":99,"column":null}}]},"31":{"loc":{"start":{"line":94,"column":8},"end":{"line":98,"column":null}},"type":"if","locations":[{"start":{"line":94,"column":8},"end":{"line":98,"column":null}}]},"32":{"loc":{"start":{"line":103,"column":2},"end":{"line":105,"column":null}},"type":"if","locations":[{"start":{"line":103,"column":2},"end":{"line":105,"column":null}}]},"33":{"loc":{"start":{"line":103,"column":6},"end":{"line":103,"column":79}},"type":"binary-expr","locations":[{"start":{"line":103,"column":6},"end":{"line":103,"column":34}},{"start":{"line":103,"column":38},"end":{"line":103,"column":59}},{"start":{"line":103,"column":63},"end":{"line":103,"column":79}}]},"34":{"loc":{"start":{"line":132,"column":2},"end":{"line":135,"column":null}},"type":"if","locations":[{"start":{"line":132,"column":2},"end":{"line":135,"column":null}}]},"35":{"loc":{"start":{"line":137,"column":2},"end":{"line":139,"column":null}},"type":"if","locations":[{"start":{"line":137,"column":2},"end":{"line":139,"column":null}}]},"36":{"loc":{"start":{"line":141,"column":2},"end":{"line":143,"column":null}},"type":"if","locations":[{"start":{"line":141,"column":2},"end":{"line":143,"column":null}}]},"37":{"loc":{"start":{"line":150,"column":12},"end":{"line":150,"column":29}},"type":"default-arg","locations":[{"start":{"line":150,"column":27},"end":{"line":150,"column":29}}]},"38":{"loc":{"start":{"line":150,"column":31},"end":{"line":150,"column":46}},"type":"default-arg","locations":[{"start":{"line":150,"column":43},"end":{"line":150,"column":46}}]},"39":{"loc":{"start":{"line":160,"column":6},"end":{"line":162,"column":null}},"type":"if","locations":[{"start":{"line":160,"column":6},"end":{"line":162,"column":null}},{"start":{"line":161,"column":11},"end":{"line":162,"column":null}}]},"40":{"loc":{"start":{"line":161,"column":11},"end":{"line":162,"column":null}},"type":"if","locations":[{"start":{"line":161,"column":11},"end":{"line":162,"column":null}},{"start":{"line":162,"column":11},"end":{"line":162,"column":null}}]}},"s":{"0":1,"1":1,"2":1,"3":1,"4":1,"5":1,"6":1,"7":1,"8":1,"9":1,"10":1,"11":1,"12":1,"13":169,"14":1,"15":1,"16":0,"17":0,"18":0,"19":1,"20":1,"21":0,"22":1,"23":1,"24":0,"25":1,"26":1,"27":1,"28":1,"29":0,"30":0,"31":0,"32":1,"33":0,"34":1,"35":1,"36":1,"37":1,"38":1,"39":0,"40":0,"41":0,"42":0,"43":0,"44":0,"45":0,"46":0,"47":0,"48":0,"49":0,"50":0,"51":0,"52":0,"53":0,"54":0,"55":0,"56":0,"57":0,"58":0,"59":0,"60":1,"61":0,"62":1,"63":1,"64":1,"65":1,"66":1,"67":1,"68":1,"69":1,"70":1,"71":1,"72":1,"73":1,"74":1,"75":1,"76":1,"77":9,"78":9,"79":9,"80":8,"81":1,"82":1,"83":20,"84":8,"85":12,"86":10,"87":2,"88":1,"89":1,"90":1},"f":{"0":5,"1":1,"2":0,"3":0,"4":0,"5":0,"6":0,"7":20},"b":{"0":[49],"1":[104,106],"2":[53,53,51],"3":[1],"4":[1],"5":[1],"6":[0],"7":[0],"8":[1],"9":[1],"10":[1],"11":[1],"12":[1],"13":[0],"14":[0],"15":[0],"16":[1],"17":[1,1],"18":[0,0],"19":[0],"20":[1,0],"21":[0,1],"22":[0,1],"23":[0],"24":[0,0],"25":[0],"26":[0,0,0,0,0],"27":[0],"28":[0,0],"29":[0,0],"30":[0],"31":[0],"32":[0],"33":[1,1,0],"34":[1],"35":[1],"36":[1],"37":[4],"38":[0],"39":[8,12],"40":[10,2]}}
,"/Users/zane/playground/liquid-labs/sdlc-projects-workflow-local-node-build/src/handlers/projects/workflows/local/node-build/lib/setup-resources.mjs": {"path":"/Users/zane/playground/liquid-labs/sdlc-projects-workflow-local-node-build/src/handlers/projects/workflows/local/node-build/lib/setup-resources.mjs","statementMap":{"0":{"start":{"line":1,"column":0},"end":{"line":1,"column":null}},"1":{"start":{"line":2,"column":0},"end":{"line":2,"column":null}},"2":{"start":{"line":4,"column":0},"end":{"line":4,"column":null}},"3":{"start":{"line":6,"column":0},"end":{"line":6,"column":87}},"4":{"start":{"line":6,"column":87},"end":{"line":6,"column":null}},"5":{"start":{"line":8,"column":23},"end":{"line":52,"column":1}},"6":{"start":{"line":9,"column":8},"end":{"line":9,"column":17}},"7":{"start":{"line":10,"column":11},"end":{"line":10,"column":20}},"8":{"start":{"line":14,"column":16},"end":{"line":14,"column":25}},"9":{"start":{"line":16,"column":18},"end":{"line":22,"column":109}},"10":{"start":{"line":24,"column":2},"end":{"line":27,"column":null}},"11":{"start":{"line":25,"column":4},"end":{"line":26,"column":null}},"12":{"start":{"line":29,"column":2},"end":{"line":32,"column":null}},"13":{"start":{"line":30,"column":4},"end":{"line":31,"column":null}},"14":{"start":{"line":34,"column":19},"end":{"line":34,"column":21}},"15":{"start":{"line":35,"column":26},"end":{"line":35,"column":73}},"16":{"start":{"line":36,"column":26},"end":{"line":36,"column":70}},"17":{"start":{"line":38,"column":2},"end":{"line":38,"column":null}},"18":{"start":{"line":40,"column":2},"end":{"line":51,"column":null}},"19":{"start":{"line":52,"column":1},"end":{"line":52,"column":null}}},"fnMap":{"0":{"name":"_getRequireWildcardCache","decl":{"start":{"line":6,"column":87},"end":{"line":6,"column":null}},"loc":{"start":{"line":6,"column":87},"end":{"line":6,"column":null}}},"1":{"name":"(anonymous_3)","decl":{"start":{"line":8,"column":23},"end":{"line":8,"column":29}},"loc":{"start":{"line":15,"column":6},"end":{"line":52,"column":1}}},"2":{"name":"(anonymous_4)","decl":{"start":{"line":9,"column":8},"end":{"line":9,"column":17}},"loc":{"start":{"line":9,"column":8},"end":{"line":9,"column":17}}},"3":{"name":"(anonymous_5)","decl":{"start":{"line":10,"column":11},"end":{"line":10,"column":20}},"loc":{"start":{"line":10,"column":11},"end":{"line":10,"column":20}}},"4":{"name":"(anonymous_6)","decl":{"start":{"line":14,"column":16},"end":{"line":14,"column":25}},"loc":{"start":{"line":14,"column":16},"end":{"line":14,"column":25}}}},"branchMap":{"0":{"loc":{"start":{"line":6,"column":87},"end":{"line":6,"column":null}},"type":"if","locations":[{"start":{"line":6,"column":87},"end":{"line":6,"column":null}}]},"1":{"loc":{"start":{"line":6,"column":87},"end":{"line":6,"column":null}},"type":"cond-expr","locations":[{"start":{"line":6,"column":87},"end":{"line":6,"column":null}},{"start":{"line":6,"column":87},"end":{"line":6,"column":null}}]},"2":{"loc":{"start":{"line":6,"column":87},"end":{"line":6,"column":null}},"type":"binary-expr","locations":[{"start":{"line":6,"column":87},"end":{"line":6,"column":null}},{"start":{"line":6,"column":87},"end":{"line":6,"column":null}},{"start":{"line":6,"column":87},"end":{"line":6,"column":null}}]},"3":{"loc":{"start":{"line":9,"column":2},"end":{"line":9,"column":null}},"type":"default-arg","locations":[{"start":{"line":9,"column":8},"end":{"line":9,"column":null}}]},"4":{"loc":{"start":{"line":10,"column":2},"end":{"line":10,"column":null}},"type":"default-arg","locations":[{"start":{"line":10,"column":11},"end":{"line":10,"column":null}}]},"5":{"loc":{"start":{"line":14,"column":2},"end":{"line":14,"column":null}},"type":"default-arg","locations":[{"start":{"line":14,"column":16},"end":{"line":14,"column":null}}]},"6":{"loc":{"start":{"line":24,"column":2},"end":{"line":27,"column":null}},"type":"if","locations":[{"start":{"line":24,"column":2},"end":{"line":27,"column":null}}]},"7":{"loc":{"start":{"line":29,"column":2},"end":{"line":32,"column":null}},"type":"if","locations":[{"start":{"line":29,"column":2},"end":{"line":32,"column":null}}]}},"s":{"0":1,"1":1,"2":1,"3":1,"4":169,"5":1,"6":0,"7":0,"8":0,"9":1,"10":1,"11":1,"12":1,"13":1,"14":1,"15":1,"16":1,"17":1,"18":1,"19":1},"f":{"0":5,"1":1,"2":0,"3":0,"4":0},"b":{"0":[49],"1":[104,106],"2":[53,53,51],"3":[0],"4":[0],"5":[0],"6":[1],"7":[1]}}
,"/Users/zane/playground/liquid-labs/sdlc-projects-workflow-local-node-build/src/handlers/projects/workflows/local/node-build/lib/setup-test.mjs": {"path":"/Users/zane/playground/liquid-labs/sdlc-projects-workflow-local-node-build/src/handlers/projects/workflows/local/node-build/lib/setup-test.mjs","statementMap":{"0":{"start":{"line":2,"column":0},"end":{"line":2,"column":null}},"1":{"start":{"line":3,"column":0},"end":{"line":3,"column":null}},"2":{"start":{"line":5,"column":0},"end":{"line":5,"column":null}},"3":{"start":{"line":7,"column":0},"end":{"line":7,"column":72}},"4":{"start":{"line":7,"column":72},"end":{"line":7,"column":null}},"5":{"start":{"line":9,"column":18},"end":{"line":93,"column":1}},"6":{"start":{"line":10,"column":8},"end":{"line":10,"column":17}},"7":{"start":{"line":11,"column":11},"end":{"line":11,"column":20}},"8":{"start":{"line":14,"column":16},"end":{"line":14,"column":25}},"9":{"start":{"line":21,"column":20},"end":{"line":73,"column":6}},"10":{"start":{"line":75,"column":19},"end":{"line":75,"column":21}},"11":{"start":{"line":76,"column":22},"end":{"line":76,"column":64}},"12":{"start":{"line":77,"column":22},"end":{"line":77,"column":62}},"13":{"start":{"line":79,"column":2},"end":{"line":79,"column":null}},"14":{"start":{"line":81,"column":2},"end":{"line":92,"column":null}},"15":{"start":{"line":93,"column":1},"end":{"line":93,"column":null}}},"fnMap":{"0":{"name":"_getRequireWildcardCache","decl":{"start":{"line":7,"column":72},"end":{"line":7,"column":null}},"loc":{"start":{"line":7,"column":72},"end":{"line":7,"column":null}}},"1":{"name":"(anonymous_3)","decl":{"start":{"line":9,"column":18},"end":{"line":9,"column":24}},"loc":{"start":{"line":15,"column":6},"end":{"line":93,"column":1}}},"2":{"name":"(anonymous_4)","decl":{"start":{"line":10,"column":8},"end":{"line":10,"column":17}},"loc":{"start":{"line":10,"column":8},"end":{"line":10,"column":17}}},"3":{"name":"(anonymous_5)","decl":{"start":{"line":11,"column":11},"end":{"line":11,"column":20}},"loc":{"start":{"line":11,"column":11},"end":{"line":11,"column":20}}},"4":{"name":"(anonymous_6)","decl":{"start":{"line":14,"column":16},"end":{"line":14,"column":25}},"loc":{"start":{"line":14,"column":16},"end":{"line":14,"column":25}}}},"branchMap":{"0":{"loc":{"start":{"line":7,"column":72},"end":{"line":7,"column":null}},"type":"if","locations":[{"start":{"line":7,"column":72},"end":{"line":7,"column":null}}]},"1":{"loc":{"start":{"line":7,"column":72},"end":{"line":7,"column":null}},"type":"cond-expr","locations":[{"start":{"line":7,"column":72},"end":{"line":7,"column":null}},{"start":{"line":7,"column":72},"end":{"line":7,"column":null}}]},"2":{"loc":{"start":{"line":7,"column":72},"end":{"line":7,"column":null}},"type":"binary-expr","locations":[{"start":{"line":7,"column":72},"end":{"line":7,"column":null}},{"start":{"line":7,"column":72},"end":{"line":7,"column":null}},{"start":{"line":7,"column":72},"end":{"line":7,"column":null}}]},"3":{"loc":{"start":{"line":10,"column":2},"end":{"line":10,"column":null}},"type":"default-arg","locations":[{"start":{"line":10,"column":8},"end":{"line":10,"column":null}}]},"4":{"loc":{"start":{"line":11,"column":2},"end":{"line":11,"column":null}},"type":"default-arg","locations":[{"start":{"line":11,"column":11},"end":{"line":11,"column":null}}]},"5":{"loc":{"start":{"line":14,"column":2},"end":{"line":14,"column":null}},"type":"default-arg","locations":[{"start":{"line":14,"column":16},"end":{"line":14,"column":null}}]}},"s":{"0":1,"1":1,"2":1,"3":1,"4":169,"5":1,"6":0,"7":0,"8":0,"9":1,"10":1,"11":1,"12":1,"13":1,"14":1,"15":1},"f":{"0":5,"1":1,"2":0,"3":0,"4":0},"b":{"0":[49],"1":[104,106],"2":[53,53,51],"3":[0],"4":[0],"5":[0]}}
}
